#
# There is insufficient memory for the Java Runtime Environment to continue.
# Native memory allocation (malloc) failed to allocate 99936 bytes for Chunk::new
# Possible reasons:
#   The system is out of physical RAM or swap space
#   The process is running with CompressedOops enabled, and the Java Heap may be blocking the growth of the native heap
# Possible solutions:
#   Reduce memory load on the system
#   Increase physical memory or swap space
#   Check if swap backing store is full
#   Decrease Java heap size (-Xmx/-Xms)
#   Decrease number of Java threads
#   Decrease Java thread stack sizes (-Xss)
#   Set larger code cache with -XX:ReservedCodeCacheSize=
#   JVM is running with Unscaled Compressed Oops mode in which the Java heap is
#     placed in the first 4GB address space. The Java Heap base address is the
#     maximum limit for the native heap growth. Please use -XX:HeapBaseMinAddress
#     to set the Java Heap base and to place the Java Heap above 4GB virtual address.
# This output file may be truncated or incomplete.
#
#  Out of Memory Error (t:/workspace/open/src/hotspot/share/memory/arena.cpp:197), pid=1080, tid=11268
#
# JRE version: OpenJDK Runtime Environment (12.0.2+10) (build 12.0.2+10)
# Java VM: OpenJDK 64-Bit Server VM (12.0.2+10, mixed mode, sharing, tiered, compressed oops, g1 gc, windows-amd64)
# No core dump will be written. Minidumps are not enabled by default on client versions of Windows
#

---------------  S U M M A R Y ------------

Command Line: --add-opens=java.base/java.util=ALL-UNNAMED --add-opens=java.base/java.lang=ALL-UNNAMED --add-opens=java.base/java.lang.invoke=ALL-UNNAMED --add-opens=java.prefs/java.util.prefs=ALL-UNNAMED -XX:MaxMetaspaceSize=256m -XX:+HeapDumpOnOutOfMemoryError -Xms256m -Xmx512m -Dfile.encoding=windows-1252 -Duser.country=BR -Duser.language=pt -Duser.variant org.gradle.launcher.daemon.bootstrap.GradleDaemon 5.6.2

Host: Intel(R) Core(TM) i7-8550U CPU @ 1.80GHz, 8 cores, 7G,  Windows 10 , 64 bit Build 18362 (10.0.18362.329)
Time: Thu Oct 31 19:12:32 2019 Hora oficial do Brasil elapsed time: 1549 seconds (0d 0h 25m 49s)

---------------  T H R E A D  ---------------

Current thread (0x0000026bfcb8b000):  JavaThread "C2 CompilerThread0" daemon [_thread_in_native, id=11268, stack(0x0000007f6c200000,0x0000007f6c300000)]


Current CompileTask:
C2:1549146 9275       4       org.gradle.internal.dispatch.ReflectionDispatch::dispatch (9 bytes)

Stack: [0x0000007f6c200000,0x0000007f6c300000]
Native frames: (J=compiled Java code, j=interpreted, Vv=VM code, C=native code)
V  [jvm.dll+0x63a6aa]
V  [jvm.dll+0x78cc6e]
V  [jvm.dll+0x78e311]
V  [jvm.dll+0x78e963]
V  [jvm.dll+0x262368]
V  [jvm.dll+0xc547c]
V  [jvm.dll+0xc59fc]
V  [jvm.dll+0x2d3a94]
V  [jvm.dll+0x55670d]
V  [jvm.dll+0x21d8c5]
V  [jvm.dll+0x21af26]
V  [jvm.dll+0x1997d0]
V  [jvm.dll+0x22a3a4]
V  [jvm.dll+0x2289f8]
V  [jvm.dll+0x750f10]
V  [jvm.dll+0x749ef8]
V  [jvm.dll+0x639786]
C  [ucrtbase.dll+0x20e72]
C  [KERNEL32.DLL+0x17bd4]
C  [ntdll.dll+0x6ced1]


---------------  P R O C E S S  ---------------

Threads class SMR info:
_java_thread_list=0x0000026b81ad9d30, length=52, elements={
0x0000026bdf7b7800, 0x0000026bfcb6b800, 0x0000026bfcb6e000, 0x0000026bfcb87000,
0x0000026bfcb88000, 0x0000026bfcb8b000, 0x0000026bfcb93000, 0x0000026bfcb97000,
0x0000026bfd620000, 0x0000026bfd63c800, 0x0000026bfeffe800, 0x0000026bfeb39000,
0x0000026bfe601800, 0x0000026bfee73000, 0x0000026b806b6800, 0x0000026b80726000,
0x0000026b80728000, 0x0000026b80726800, 0x0000026b8174f800, 0x0000026b8174c000,
0x0000026b81753000, 0x0000026b821d1000, 0x0000026b821d0000, 0x0000026b821d3800,
0x0000026b821d4000, 0x0000026b8174e800, 0x0000026b8174d000, 0x0000026b8174e000,
0x0000026b8174a000, 0x0000026b81750800, 0x0000026b8174a800, 0x0000026b8174b800,
0x0000026b81757000, 0x0000026b81753800, 0x0000026b81754800, 0x0000026b81755000,
0x0000026b81756000, 0x0000026b81752000, 0x0000026b81751000, 0x0000026b81757800,
0x0000026b81758800, 0x0000026b821ce800, 0x0000026b821cf000, 0x0000026b821d1800,
0x0000026b821d2800, 0x0000026b821cd800, 0x0000026b80727800, 0x0000026b8072a000,
0x0000026bfdf4c800, 0x0000026bfdf50000, 0x0000026bfdf4d800, 0x0000026bfdf4f000
}

Java Threads: ( => current thread )
  0x0000026bdf7b7800 JavaThread "main" [_thread_blocked, id=1412, stack(0x0000007f6b700000,0x0000007f6b800000)]
  0x0000026bfcb6b800 JavaThread "Reference Handler" daemon [_thread_blocked, id=1856, stack(0x0000007f6be00000,0x0000007f6bf00000)]
  0x0000026bfcb6e000 JavaThread "Finalizer" daemon [_thread_blocked, id=6376, stack(0x0000007f6bf00000,0x0000007f6c000000)]
  0x0000026bfcb87000 JavaThread "Signal Dispatcher" daemon [_thread_blocked, id=11492, stack(0x0000007f6c000000,0x0000007f6c100000)]
  0x0000026bfcb88000 JavaThread "Attach Listener" daemon [_thread_blocked, id=2168, stack(0x0000007f6c100000,0x0000007f6c200000)]
=>0x0000026bfcb8b000 JavaThread "C2 CompilerThread0" daemon [_thread_in_native, id=11268, stack(0x0000007f6c200000,0x0000007f6c300000)]
  0x0000026bfcb93000 JavaThread "C1 CompilerThread0" daemon [_thread_blocked, id=8556, stack(0x0000007f6c300000,0x0000007f6c400000)]
  0x0000026bfcb97000 JavaThread "Sweeper thread" daemon [_thread_blocked, id=7976, stack(0x0000007f6c400000,0x0000007f6c500000)]
  0x0000026bfd620000 JavaThread "Common-Cleaner" daemon [_thread_blocked, id=2012, stack(0x0000007f6c500000,0x0000007f6c600000)]
  0x0000026bfd63c800 JavaThread "Service Thread" daemon [_thread_blocked, id=10236, stack(0x0000007f6c600000,0x0000007f6c700000)]
  0x0000026bfeffe800 JavaThread "Daemon health stats" [_thread_blocked, id=11244, stack(0x0000007f6ce00000,0x0000007f6cf00000)]
  0x0000026bfeb39000 JavaThread "Incoming local TCP Connector on port 51405" [_thread_in_native, id=8804, stack(0x0000007f6c800000,0x0000007f6c900000)]
  0x0000026bfe601800 JavaThread "Daemon periodic checks" [_thread_blocked, id=6960, stack(0x0000007f6cf00000,0x0000007f6d000000)]
  0x0000026bfee73000 JavaThread "Daemon" [_thread_blocked, id=5160, stack(0x0000007f6d000000,0x0000007f6d100000)]
  0x0000026b806b6800 JavaThread "Daemon worker" [_thread_blocked, id=8264, stack(0x0000007f6d300000,0x0000007f6d400000)]
  0x0000026b80726000 JavaThread "Cache worker for file hash cache (C:\Users\rahru\.gradle\caches\5.6.2\fileHashes)" [_thread_blocked, id=9896, stack(0x0000007f6d700000,0x0000007f6d800000)]
  0x0000026b80728000 JavaThread "File lock request listener" [_thread_in_native, id=1064, stack(0x0000007f6d800000,0x0000007f6d900000)]
  0x0000026b80726800 JavaThread "Cache worker for journal cache (C:\Users\rahru\.gradle\caches\journal-1)" [_thread_blocked, id=7444, stack(0x0000007f6d900000,0x0000007f6da00000)]
  0x0000026b8174f800 JavaThread "Cache worker for execution history cache (C:\Users\rahru\.gradle\caches\5.6.2\executionHistory)" [_thread_blocked, id=3876, stack(0x0000007f6e200000,0x0000007f6e300000)]
  0x0000026b8174c000 JavaThread "Memory manager" [_thread_blocked, id=616, stack(0x0000007f6ea00000,0x0000007f6eb00000)]
  0x0000026b81753000 JavaThread "Cache worker for file content cache (C:\Users\rahru\.gradle\caches\5.6.2\fileContent)" [_thread_blocked, id=8444, stack(0x0000007f6eb00000,0x0000007f6ec00000)]
  0x0000026b821d1000 JavaThread "Exec process" [_thread_in_native, id=6796, stack(0x0000007f6f900000,0x0000007f6fa00000)]
  0x0000026b821d0000 JavaThread "Exec process Thread 2" [_thread_blocked, id=2624, stack(0x0000007f6fa00000,0x0000007f6fb00000)]
  0x0000026b821d3800 JavaThread "Exec process Thread 3" [_thread_in_native, id=10536, stack(0x0000007f6fb00000,0x0000007f6fc00000)]
  0x0000026b821d4000 JavaThread "Exec process Thread 4" [_thread_in_native, id=7044, stack(0x0000007f6fd00000,0x0000007f6fe00000)]
  0x0000026b8174e800 JavaThread "Handler for socket connection from /127.0.0.1:51405 to /127.0.0.1:51643" [_thread_in_native, id=4296, stack(0x0000007f6b400000,0x0000007f6b500000)]
  0x0000026b8174d000 JavaThread "Cancel handler" [_thread_blocked, id=12044, stack(0x0000007f6b500000,0x0000007f6b600000)]
  0x0000026b8174e000 JavaThread "Asynchronous log dispatcher for DefaultDaemonConnection: socket connection from /127.0.0.1:51405 to /127.0.0.1:51643" [_thread_blocked, id=5248, stack(0x0000007f6b600000,0x0000007f6b700000)]
  0x0000026b8174a000 JavaThread "Stdin handler" [_thread_blocked, id=5128, stack(0x0000007f6d100000,0x0000007f6d200000)]
  0x0000026b81750800 JavaThread "Thread-73" [_thread_blocked, id=8028, stack(0x0000007f6d200000,0x0000007f6d300000)]
  0x0000026b8174a800 JavaThread "Cache worker for file hash cache (C:\Users\rahru\Projeto Incubadora\projetcIncubadora\.gradle\5.6.2\fileHashes)" [_thread_blocked, id=1872, stack(0x0000007f6d400000,0x0000007f6d500000)]
  0x0000026b8174b800 JavaThread "Cache worker for cache directory md-supplier (C:\Users\rahru\.gradle\caches\5.6.2\md-supplier)" [_thread_blocked, id=6712, stack(0x0000007f6d600000,0x0000007f6d700000)]
  0x0000026b81757000 JavaThread "Cache worker for cache directory md-rule (C:\Users\rahru\.gradle\caches\5.6.2\md-rule)" [_thread_blocked, id=9820, stack(0x0000007f6da00000,0x0000007f6db00000)]
  0x0000026b81753800 JavaThread "Build operations" [_thread_blocked, id=8360, stack(0x0000007f6db00000,0x0000007f6dc00000)]
  0x0000026b81754800 JavaThread "Build operations Thread 2" [_thread_blocked, id=6068, stack(0x0000007f6dc00000,0x0000007f6dd00000)]
  0x0000026b81755000 JavaThread "Build operations Thread 3" [_thread_blocked, id=8452, stack(0x0000007f6e000000,0x0000007f6e100000)]
  0x0000026b81756000 JavaThread "Build operations Thread 4" [_thread_blocked, id=1508, stack(0x0000007f6e100000,0x0000007f6e200000)]
  0x0000026b81752000 JavaThread "Build operations Thread 5" [_thread_blocked, id=5612, stack(0x0000007f6e300000,0x0000007f6e400000)]
  0x0000026b81751000 JavaThread "Build operations Thread 6" [_thread_blocked, id=11916, stack(0x0000007f6e400000,0x0000007f6e500000)]
  0x0000026b81757800 JavaThread "Cache worker for Build Output Cleanup Cache (C:\Users\rahru\Projeto Incubadora\projetcIncubadora\.gradle\buildOutputCleanup)" [_thread_blocked, id=9784, stack(0x0000007f6e500000,0x0000007f6e600000)]
  0x0000026b81758800 JavaThread "Cache worker for file content cache (C:\Users\rahru\Projeto Incubadora\projetcIncubadora\.gradle\5.6.2\fileContent)" [_thread_blocked, id=7952, stack(0x0000007f6e600000,0x0000007f6e700000)]
  0x0000026b821ce800 JavaThread "Execution worker for ':'" [_thread_blocked, id=10748, stack(0x0000007f6e700000,0x0000007f6e800000)]
  0x0000026b821cf000 JavaThread "Execution worker for ':' Thread 2" [_thread_blocked, id=6468, stack(0x0000007f6e900000,0x0000007f6ea00000)]
  0x0000026b821d1800 JavaThread "Execution worker for ':' Thread 3" [_thread_blocked, id=3940, stack(0x0000007f6ec00000,0x0000007f6ed00000)]
  0x0000026b821d2800 JavaThread "Execution worker for ':' Thread 4" [_thread_blocked, id=11024, stack(0x0000007f6ed00000,0x0000007f6ee00000)]
  0x0000026b821cd800 JavaThread "Execution worker for ':' Thread 5" [_thread_blocked, id=2256, stack(0x0000007f6ee00000,0x0000007f6ef00000)]
  0x0000026b80727800 JavaThread "Execution worker for ':' Thread 6" [_thread_blocked, id=3000, stack(0x0000007f6ef00000,0x0000007f6f000000)]
  0x0000026b8072a000 JavaThread "Execution worker for ':' Thread 7" [_thread_blocked, id=9420, stack(0x0000007f6f000000,0x0000007f6f100000)]
  0x0000026bfdf4c800 JavaThread "Cache worker for execution history cache (C:\Users\rahru\Projeto Incubadora\projetcIncubadora\.gradle\5.6.2\executionHistory)" [_thread_blocked, id=8788, stack(0x0000007f6f100000,0x0000007f6f200000)]
  0x0000026bfdf50000 JavaThread "Build operations Thread 7" [_thread_blocked, id=1480, stack(0x0000007f6f200000,0x0000007f6f300000)]
  0x0000026bfdf4d800 JavaThread "Build operations Thread 8" [_thread_blocked, id=5272, stack(0x0000007f6f300000,0x0000007f6f400000)]
  0x0000026bfdf4f000 JavaThread "DisconnectableInputStream source reader" daemon [_thread_blocked, id=9732, stack(0x0000007f6f400000,0x0000007f6f500000)]

Other Threads:
  0x0000026bfcb66800 VMThread "VM Thread" [stack: 0x0000007f6bd00000,0x0000007f6be00000] [id=936]
  0x0000026bfd63e000 WatcherThread [stack: 0x0000007f6c700000,0x0000007f6c800000] [id=11976]
  0x0000026bdf7de800 GCTaskThread "GC Thread#0" [stack: 0x0000007f6b800000,0x0000007f6b900000] [id=608]
  0x0000026bfdb25800 GCTaskThread "GC Thread#1" [stack: 0x0000007f6c900000,0x0000007f6ca00000] [id=7756]
  0x0000026bfda69000 GCTaskThread "GC Thread#2" [stack: 0x0000007f6ca00000,0x0000007f6cb00000] [id=8472]
  0x0000026bfdcf4800 GCTaskThread "GC Thread#3" [stack: 0x0000007f6cb00000,0x0000007f6cc00000] [id=10872]
  0x0000026bfdbeb800 GCTaskThread "GC Thread#4" [stack: 0x0000007f6cc00000,0x0000007f6cd00000] [id=10416]
  0x0000026bfde27800 GCTaskThread "GC Thread#5" [stack: 0x0000007f6cd00000,0x0000007f6ce00000] [id=7080]
  0x0000026b815e9000 GCTaskThread "GC Thread#6" [stack: 0x0000007f6dd00000,0x0000007f6de00000] [id=9828]
  0x0000026b8164e800 GCTaskThread "GC Thread#7" [stack: 0x0000007f6de00000,0x0000007f6df00000] [id=9576]
  0x0000026bdf7e3800 ConcurrentGCThread "G1 Main Marker" [stack: 0x0000007f6b900000,0x0000007f6ba00000] [id=8004]
  0x0000026bdf7e5800 ConcurrentGCThread "G1 Conc#0" [stack: 0x0000007f6ba00000,0x0000007f6bb00000] [id=11940]
  0x0000026b80777800 ConcurrentGCThread "G1 Conc#1" [stack: 0x0000007f6df00000,0x0000007f6e000000] [id=2360]
  0x0000026bdf87e000 ConcurrentGCThread "G1 Refine#0" [stack: 0x0000007f6bb00000,0x0000007f6bc00000] [id=9924]
  0x0000026b81b5c800 ConcurrentGCThread "G1 Refine#1" [stack: 0x0000007f6f700000,0x0000007f6f800000] [id=472]
  0x0000026b82165000 ConcurrentGCThread "G1 Refine#2" [stack: 0x0000007f6f800000,0x0000007f6f900000] [id=4256]
  0x0000026bfca14800 ConcurrentGCThread "G1 Young RemSet Sampling" [stack: 0x0000007f6bc00000,0x0000007f6bd00000] [id=9352]

Threads with active compile tasks:
C2 CompilerThread0  9275       4       org.gradle.internal.dispatch.ReflectionDispatch::dispatch (9 bytes)

VM state:not at safepoint (normal execution)

VM Mutex/Monitor currently owned by a thread: None

Heap address: 0x00000000e0000000, size: 512 MB, Compressed Oops mode: 32-bit
Narrow klass base: 0x0000000800000000, Narrow klass shift: 3
Compressed class space size: 260046848 Address: 0x0000000801180000

Heap:
 garbage-first heap   total 262144K, used 188183K [0x00000000e0000000, 0x0000000100000000)
  region size 1024K, 138 young (141312K), 14 survivors (14336K)
 Metaspace       used 45160K, capacity 46416K, committed 46512K, reserved 294912K
  class space    used 5962K, capacity 6382K, committed 6400K, reserved 253952K
Heap Regions: E=young(eden), S=young(survivor), O=old, HS=humongous(starts), HC=humongous(continues), CS=collection set, F=free, A=archive, TAMS=top-at-mark-start (previous, next)
|   0|0x00000000e0000000, 0x00000000e0100000, 0x00000000e0100000|100%| O|  |TAMS 0x00000000e0000000, 0x00000000e0000000| Untracked 
|   1|0x00000000e0100000, 0x00000000e0200000, 0x00000000e0200000|100%| O|  |TAMS 0x00000000e0100000, 0x00000000e0100000| Untracked 
|   2|0x00000000e0200000, 0x00000000e0300000, 0x00000000e0300000|100%| O|  |TAMS 0x00000000e0200000, 0x00000000e0200000| Untracked 
|   3|0x00000000e0300000, 0x00000000e0400000, 0x00000000e0400000|100%|HS|  |TAMS 0x00000000e0400000, 0x00000000e0300000| Complete 
|   4|0x00000000e0400000, 0x00000000e0500000, 0x00000000e0500000|100%|HC|  |TAMS 0x00000000e0500000, 0x00000000e0400000| Complete 
|   5|0x00000000e0500000, 0x00000000e0600000, 0x00000000e0600000|100%|HC|  |TAMS 0x00000000e0600000, 0x00000000e0500000| Complete 
|   6|0x00000000e0600000, 0x00000000e0700000, 0x00000000e0700000|100%| O|  |TAMS 0x00000000e0700000, 0x00000000e0600000| Untracked 
|   7|0x00000000e0700000, 0x00000000e0800000, 0x00000000e0800000|100%| O|  |TAMS 0x00000000e0800000, 0x00000000e0700000| Untracked 
|   8|0x00000000e0800000, 0x00000000e0900000, 0x00000000e0900000|100%| O|  |TAMS 0x00000000e0900000, 0x00000000e0800000| Untracked 
|   9|0x00000000e0900000, 0x00000000e0a00000, 0x00000000e0a00000|100%| O|  |TAMS 0x00000000e0a00000, 0x00000000e0900000| Untracked 
|  10|0x00000000e0a00000, 0x00000000e0b00000, 0x00000000e0b00000|100%| O|  |TAMS 0x00000000e0b00000, 0x00000000e0a00000| Untracked 
|  11|0x00000000e0b00000, 0x00000000e0c00000, 0x00000000e0c00000|100%| O|  |TAMS 0x00000000e0c00000, 0x00000000e0b00000| Untracked 
|  12|0x00000000e0c00000, 0x00000000e0d00000, 0x00000000e0d00000|100%| O|  |TAMS 0x00000000e0d00000, 0x00000000e0c00000| Untracked 
|  13|0x00000000e0d00000, 0x00000000e0e00000, 0x00000000e0e00000|100%| O|  |TAMS 0x00000000e0e00000, 0x00000000e0d00000| Untracked 
|  14|0x00000000e0e00000, 0x00000000e0f00000, 0x00000000e0f00000|100%| O|  |TAMS 0x00000000e0f00000, 0x00000000e0e00000| Untracked 
|  15|0x00000000e0f00000, 0x00000000e1000000, 0x00000000e1000000|100%| O|  |TAMS 0x00000000e1000000, 0x00000000e0f00000| Untracked 
|  16|0x00000000e1000000, 0x00000000e1100000, 0x00000000e1100000|100%| O|  |TAMS 0x00000000e1100000, 0x00000000e1000000| Untracked 
|  17|0x00000000e1100000, 0x00000000e1200000, 0x00000000e1200000|100%| O|  |TAMS 0x00000000e1200000, 0x00000000e1100000| Untracked 
|  18|0x00000000e1200000, 0x00000000e1300000, 0x00000000e1300000|100%| O|  |TAMS 0x00000000e1300000, 0x00000000e1200000| Untracked 
|  19|0x00000000e1300000, 0x00000000e1400000, 0x00000000e1400000|100%| O|  |TAMS 0x00000000e1400000, 0x00000000e1300000| Untracked 
|  20|0x00000000e1400000, 0x00000000e1500000, 0x00000000e1500000|100%| O|  |TAMS 0x00000000e14c6000, 0x00000000e1400000| Untracked 
|  21|0x00000000e1500000, 0x00000000e1600000, 0x00000000e1600000|100%| O|  |TAMS 0x00000000e1500000, 0x00000000e1500000| Untracked 
|  22|0x00000000e1600000, 0x00000000e1700000, 0x00000000e1700000|100%| O|  |TAMS 0x00000000e1600000, 0x00000000e1600000| Untracked 
|  23|0x00000000e1700000, 0x00000000e1800000, 0x00000000e1800000|100%| O|  |TAMS 0x00000000e1700000, 0x00000000e1700000| Untracked 
|  24|0x00000000e1800000, 0x00000000e1900000, 0x00000000e1900000|100%| O|  |TAMS 0x00000000e1800000, 0x00000000e1800000| Untracked 
|  25|0x00000000e1900000, 0x00000000e1a00000, 0x00000000e1a00000|100%| O|  |TAMS 0x00000000e1900000, 0x00000000e1900000| Untracked 
|  26|0x00000000e1a00000, 0x00000000e1b00000, 0x00000000e1b00000|100%| O|  |TAMS 0x00000000e1a00000, 0x00000000e1a00000| Untracked 
|  27|0x00000000e1b00000, 0x00000000e1c00000, 0x00000000e1c00000|100%| O|  |TAMS 0x00000000e1b00000, 0x00000000e1b00000| Untracked 
|  28|0x00000000e1c00000, 0x00000000e1d00000, 0x00000000e1d00000|100%| O|  |TAMS 0x00000000e1c00000, 0x00000000e1c00000| Untracked 
|  29|0x00000000e1d00000, 0x00000000e1e00000, 0x00000000e1e00000|100%| O|  |TAMS 0x00000000e1d00000, 0x00000000e1d00000| Untracked 
|  30|0x00000000e1e00000, 0x00000000e1f00000, 0x00000000e1f00000|100%| O|  |TAMS 0x00000000e1e00000, 0x00000000e1e00000| Untracked 
|  31|0x00000000e1f00000, 0x00000000e2000000, 0x00000000e2000000|100%| O|  |TAMS 0x00000000e1f00000, 0x00000000e1f00000| Untracked 
|  32|0x00000000e2000000, 0x00000000e2100000, 0x00000000e2100000|100%| O|  |TAMS 0x00000000e2000000, 0x00000000e2000000| Untracked 
|  33|0x00000000e2100000, 0x00000000e2200000, 0x00000000e2200000|100%| O|  |TAMS 0x00000000e2100000, 0x00000000e2100000| Untracked 
|  34|0x00000000e2200000, 0x00000000e2300000, 0x00000000e2300000|100%| O|  |TAMS 0x00000000e2200000, 0x00000000e2200000| Untracked 
|  35|0x00000000e2300000, 0x00000000e2400000, 0x00000000e2400000|100%| O|  |TAMS 0x00000000e2300000, 0x00000000e2300000| Untracked 
|  36|0x00000000e2400000, 0x00000000e2500000, 0x00000000e2500000|100%| O|  |TAMS 0x00000000e2400000, 0x00000000e2400000| Untracked 
|  37|0x00000000e2500000, 0x00000000e2600000, 0x00000000e2600000|100%| O|  |TAMS 0x00000000e2500000, 0x00000000e2500000| Untracked 
|  38|0x00000000e2600000, 0x00000000e2700000, 0x00000000e2700000|100%| O|  |TAMS 0x00000000e2600000, 0x00000000e2600000| Untracked 
|  39|0x00000000e2700000, 0x00000000e2800000, 0x00000000e2800000|100%| O|  |TAMS 0x00000000e2700000, 0x00000000e2700000| Untracked 
|  40|0x00000000e2800000, 0x00000000e2900000, 0x00000000e2900000|100%| O|  |TAMS 0x00000000e2800000, 0x00000000e2800000| Untracked 
|  41|0x00000000e2900000, 0x00000000e2a00000, 0x00000000e2a00000|100%| O|  |TAMS 0x00000000e2900000, 0x00000000e2900000| Untracked 
|  42|0x00000000e2a00000, 0x00000000e2b00000, 0x00000000e2b00000|100%| O|  |TAMS 0x00000000e2a00000, 0x00000000e2a00000| Untracked 
|  43|0x00000000e2b00000, 0x00000000e2c00000, 0x00000000e2c00000|100%| O|  |TAMS 0x00000000e2b00000, 0x00000000e2b00000| Untracked 
|  44|0x00000000e2c00000, 0x00000000e2d00000, 0x00000000e2d00000|100%| O|  |TAMS 0x00000000e2c00000, 0x00000000e2c00000| Untracked 
|  45|0x00000000e2d00000, 0x00000000e2e00000, 0x00000000e2e00000|100%| O|  |TAMS 0x00000000e2d00000, 0x00000000e2d00000| Untracked 
|  46|0x00000000e2e00000, 0x00000000e2f00000, 0x00000000e2f00000|100%| O|  |TAMS 0x00000000e2e00000, 0x00000000e2e00000| Untracked 
|  47|0x00000000e2f00000, 0x00000000e3000000, 0x00000000e3000000|100%| O|  |TAMS 0x00000000e2f00000, 0x00000000e2f00000| Untracked 
|  48|0x00000000e3000000, 0x00000000e304a200, 0x00000000e3100000| 28%| O|  |TAMS 0x00000000e3000000, 0x00000000e3000000| Untracked 
|  49|0x00000000e3100000, 0x00000000e3100000, 0x00000000e3200000|  0%| F|  |TAMS 0x00000000e3100000, 0x00000000e3100000| Untracked 
|  50|0x00000000e3200000, 0x00000000e3200000, 0x00000000e3300000|  0%| F|  |TAMS 0x00000000e3200000, 0x00000000e3200000| Untracked 
|  51|0x00000000e3300000, 0x00000000e3300000, 0x00000000e3400000|  0%| F|  |TAMS 0x00000000e3300000, 0x00000000e3300000| Untracked 
|  52|0x00000000e3400000, 0x00000000e3400000, 0x00000000e3500000|  0%| F|  |TAMS 0x00000000e3400000, 0x00000000e3400000| Untracked 
|  53|0x00000000e3500000, 0x00000000e3500000, 0x00000000e3600000|  0%| F|  |TAMS 0x00000000e3500000, 0x00000000e3500000| Untracked 
|  54|0x00000000e3600000, 0x00000000e3600000, 0x00000000e3700000|  0%| F|  |TAMS 0x00000000e3600000, 0x00000000e3600000| Untracked 
|  55|0x00000000e3700000, 0x00000000e3700000, 0x00000000e3800000|  0%| F|  |TAMS 0x00000000e3700000, 0x00000000e3700000| Untracked 
|  56|0x00000000e3800000, 0x00000000e3800000, 0x00000000e3900000|  0%| F|  |TAMS 0x00000000e3800000, 0x00000000e3800000| Untracked 
|  57|0x00000000e3900000, 0x00000000e3900000, 0x00000000e3a00000|  0%| F|  |TAMS 0x00000000e3900000, 0x00000000e3900000| Untracked 
|  58|0x00000000e3a00000, 0x00000000e3a00000, 0x00000000e3b00000|  0%| F|  |TAMS 0x00000000e3a00000, 0x00000000e3a00000| Untracked 
|  59|0x00000000e3b00000, 0x00000000e3b00000, 0x00000000e3c00000|  0%| F|  |TAMS 0x00000000e3b00000, 0x00000000e3b00000| Untracked 
|  60|0x00000000e3c00000, 0x00000000e3c00000, 0x00000000e3d00000|  0%| F|  |TAMS 0x00000000e3c00000, 0x00000000e3c00000| Untracked 
|  61|0x00000000e3d00000, 0x00000000e3d00000, 0x00000000e3e00000|  0%| F|  |TAMS 0x00000000e3d00000, 0x00000000e3d00000| Untracked 
|  62|0x00000000e3e00000, 0x00000000e3e00000, 0x00000000e3f00000|  0%| F|  |TAMS 0x00000000e3e00000, 0x00000000e3e00000| Untracked 
|  63|0x00000000e3f00000, 0x00000000e3f00000, 0x00000000e4000000|  0%| F|  |TAMS 0x00000000e3f00000, 0x00000000e3f00000| Untracked 
|  64|0x00000000e4000000, 0x00000000e4000000, 0x00000000e4100000|  0%| F|  |TAMS 0x00000000e4000000, 0x00000000e4000000| Untracked 
|  65|0x00000000e4100000, 0x00000000e4100000, 0x00000000e4200000|  0%| F|  |TAMS 0x00000000e4100000, 0x00000000e4100000| Untracked 
|  66|0x00000000e4200000, 0x00000000e4200000, 0x00000000e4300000|  0%| F|  |TAMS 0x00000000e4200000, 0x00000000e4200000| Untracked 
|  67|0x00000000e4300000, 0x00000000e4300000, 0x00000000e4400000|  0%| F|  |TAMS 0x00000000e4300000, 0x00000000e4300000| Untracked 
|  68|0x00000000e4400000, 0x00000000e4400000, 0x00000000e4500000|  0%| F|  |TAMS 0x00000000e4400000, 0x00000000e4400000| Untracked 
|  69|0x00000000e4500000, 0x00000000e4500000, 0x00000000e4600000|  0%| F|  |TAMS 0x00000000e4500000, 0x00000000e4500000| Untracked 
|  70|0x00000000e4600000, 0x00000000e4600000, 0x00000000e4700000|  0%| F|  |TAMS 0x00000000e4600000, 0x00000000e4600000| Untracked 
|  71|0x00000000e4700000, 0x00000000e4700000, 0x00000000e4800000|  0%| F|  |TAMS 0x00000000e4700000, 0x00000000e4700000| Untracked 
|  72|0x00000000e4800000, 0x00000000e4800000, 0x00000000e4900000|  0%| F|  |TAMS 0x00000000e4800000, 0x00000000e4800000| Untracked 
|  73|0x00000000e4900000, 0x00000000e4900000, 0x00000000e4a00000|  0%| F|  |TAMS 0x00000000e4900000, 0x00000000e4900000| Untracked 
|  74|0x00000000e4a00000, 0x00000000e4a00000, 0x00000000e4b00000|  0%| F|  |TAMS 0x00000000e4a00000, 0x00000000e4a00000| Untracked 
|  75|0x00000000e4b00000, 0x00000000e4b00000, 0x00000000e4c00000|  0%| F|  |TAMS 0x00000000e4b00000, 0x00000000e4b00000| Untracked 
|  76|0x00000000e4c00000, 0x00000000e4c00000, 0x00000000e4d00000|  0%| F|  |TAMS 0x00000000e4c00000, 0x00000000e4c00000| Untracked 
|  77|0x00000000e4d00000, 0x00000000e4d00000, 0x00000000e4e00000|  0%| F|  |TAMS 0x00000000e4d00000, 0x00000000e4d00000| Untracked 
|  78|0x00000000e4e00000, 0x00000000e4e00000, 0x00000000e4f00000|  0%| F|  |TAMS 0x00000000e4e00000, 0x00000000e4e00000| Untracked 
|  79|0x00000000e4f00000, 0x00000000e4f00000, 0x00000000e5000000|  0%| F|  |TAMS 0x00000000e4f00000, 0x00000000e4f00000| Untracked 
|  80|0x00000000e5000000, 0x00000000e5000000, 0x00000000e5100000|  0%| F|  |TAMS 0x00000000e5000000, 0x00000000e5000000| Untracked 
|  81|0x00000000e5100000, 0x00000000e5100000, 0x00000000e5200000|  0%| F|  |TAMS 0x00000000e5100000, 0x00000000e5100000| Untracked 
|  82|0x00000000e5200000, 0x00000000e5200000, 0x00000000e5300000|  0%| F|  |TAMS 0x00000000e5200000, 0x00000000e5200000| Untracked 
|  83|0x00000000e5300000, 0x00000000e5300000, 0x00000000e5400000|  0%| F|  |TAMS 0x00000000e5300000, 0x00000000e5300000| Untracked 
|  84|0x00000000e5400000, 0x00000000e5400000, 0x00000000e5500000|  0%| F|  |TAMS 0x00000000e5400000, 0x00000000e5400000| Untracked 
|  85|0x00000000e5500000, 0x00000000e5500000, 0x00000000e5600000|  0%| F|  |TAMS 0x00000000e5500000, 0x00000000e5500000| Untracked 
|  86|0x00000000e5600000, 0x00000000e5600000, 0x00000000e5700000|  0%| F|  |TAMS 0x00000000e5600000, 0x00000000e5600000| Untracked 
|  87|0x00000000e5700000, 0x00000000e5700000, 0x00000000e5800000|  0%| F|  |TAMS 0x00000000e5700000, 0x00000000e5700000| Untracked 
|  88|0x00000000e5800000, 0x00000000e5800000, 0x00000000e5900000|  0%| F|  |TAMS 0x00000000e5800000, 0x00000000e5800000| Untracked 
|  89|0x00000000e5900000, 0x00000000e5900000, 0x00000000e5a00000|  0%| F|  |TAMS 0x00000000e5900000, 0x00000000e5900000| Untracked 
|  90|0x00000000e5a00000, 0x00000000e5a00000, 0x00000000e5b00000|  0%| F|  |TAMS 0x00000000e5a00000, 0x00000000e5a00000| Untracked 
|  91|0x00000000e5b00000, 0x00000000e5b00000, 0x00000000e5c00000|  0%| F|  |TAMS 0x00000000e5b00000, 0x00000000e5b00000| Untracked 
|  92|0x00000000e5c00000, 0x00000000e5c00000, 0x00000000e5d00000|  0%| F|  |TAMS 0x00000000e5c00000, 0x00000000e5c00000| Untracked 
|  93|0x00000000e5d00000, 0x00000000e5d00000, 0x00000000e5e00000|  0%| F|  |TAMS 0x00000000e5d00000, 0x00000000e5d00000| Untracked 
|  94|0x00000000e5e00000, 0x00000000e5e00000, 0x00000000e5f00000|  0%| F|  |TAMS 0x00000000e5e00000, 0x00000000e5e00000| Untracked 
|  95|0x00000000e5f00000, 0x00000000e5f00000, 0x00000000e6000000|  0%| F|  |TAMS 0x00000000e5f00000, 0x00000000e5f00000| Untracked 
|  96|0x00000000e6000000, 0x00000000e6000000, 0x00000000e6100000|  0%| F|  |TAMS 0x00000000e6000000, 0x00000000e6000000| Untracked 
|  97|0x00000000e6100000, 0x00000000e6100000, 0x00000000e6200000|  0%| F|  |TAMS 0x00000000e6100000, 0x00000000e6100000| Untracked 
|  98|0x00000000e6200000, 0x00000000e6200000, 0x00000000e6300000|  0%| F|  |TAMS 0x00000000e6200000, 0x00000000e6200000| Untracked 
|  99|0x00000000e6300000, 0x00000000e6300000, 0x00000000e6400000|  0%| F|  |TAMS 0x00000000e6300000, 0x00000000e6300000| Untracked 
| 100|0x00000000e6400000, 0x00000000e6400000, 0x00000000e6500000|  0%| F|  |TAMS 0x00000000e6400000, 0x00000000e6400000| Untracked 
| 101|0x00000000e6500000, 0x00000000e6500000, 0x00000000e6600000|  0%| F|  |TAMS 0x00000000e6500000, 0x00000000e6500000| Untracked 
| 102|0x00000000e6600000, 0x00000000e6600000, 0x00000000e6700000|  0%| F|  |TAMS 0x00000000e6600000, 0x00000000e6600000| Untracked 
| 103|0x00000000e6700000, 0x00000000e6700000, 0x00000000e6800000|  0%| F|  |TAMS 0x00000000e6700000, 0x00000000e6700000| Untracked 
| 104|0x00000000e6800000, 0x00000000e6800000, 0x00000000e6900000|  0%| F|  |TAMS 0x00000000e6800000, 0x00000000e6800000| Untracked 
| 105|0x00000000e6900000, 0x00000000e697bcc0, 0x00000000e6a00000| 48%| S|CS|TAMS 0x00000000e6900000, 0x00000000e6900000| Complete 
| 106|0x00000000e6a00000, 0x00000000e6b00000, 0x00000000e6b00000|100%| S|CS|TAMS 0x00000000e6a00000, 0x00000000e6a00000| Complete 
| 107|0x00000000e6b00000, 0x00000000e6c00000, 0x00000000e6c00000|100%| S|CS|TAMS 0x00000000e6b00000, 0x00000000e6b00000| Complete 
| 108|0x00000000e6c00000, 0x00000000e6c00000, 0x00000000e6d00000|  0%| F|  |TAMS 0x00000000e6c00000, 0x00000000e6c00000| Untracked 
| 109|0x00000000e6d00000, 0x00000000e6e00000, 0x00000000e6e00000|100%| S|CS|TAMS 0x00000000e6d00000, 0x00000000e6d00000| Complete 
| 110|0x00000000e6e00000, 0x00000000e6e00000, 0x00000000e6f00000|  0%| F|  |TAMS 0x00000000e6e00000, 0x00000000e6e00000| Untracked 
| 111|0x00000000e6f00000, 0x00000000e6f00000, 0x00000000e7000000|  0%| F|  |TAMS 0x00000000e6f00000, 0x00000000e6f00000| Untracked 
| 112|0x00000000e7000000, 0x00000000e7100000, 0x00000000e7100000|100%| S|CS|TAMS 0x00000000e7000000, 0x00000000e7000000| Complete 
| 113|0x00000000e7100000, 0x00000000e7200000, 0x00000000e7200000|100%| S|CS|TAMS 0x00000000e7100000, 0x00000000e7100000| Complete 
| 114|0x00000000e7200000, 0x00000000e7300000, 0x00000000e7300000|100%| S|CS|TAMS 0x00000000e7200000, 0x00000000e7200000| Complete 
| 115|0x00000000e7300000, 0x00000000e7400000, 0x00000000e7400000|100%| S|CS|TAMS 0x00000000e7300000, 0x00000000e7300000| Complete 
| 116|0x00000000e7400000, 0x00000000e7500000, 0x00000000e7500000|100%| S|CS|TAMS 0x00000000e7400000, 0x00000000e7400000| Complete 
| 117|0x00000000e7500000, 0x00000000e7600000, 0x00000000e7600000|100%| S|CS|TAMS 0x00000000e7500000, 0x00000000e7500000| Complete 
| 118|0x00000000e7600000, 0x00000000e7700000, 0x00000000e7700000|100%| S|CS|TAMS 0x00000000e7600000, 0x00000000e7600000| Complete 
| 119|0x00000000e7700000, 0x00000000e7800000, 0x00000000e7800000|100%| S|CS|TAMS 0x00000000e7700000, 0x00000000e7700000| Complete 
| 120|0x00000000e7800000, 0x00000000e7900000, 0x00000000e7900000|100%| S|CS|TAMS 0x00000000e7800000, 0x00000000e7800000| Complete 
| 121|0x00000000e7900000, 0x00000000e7a00000, 0x00000000e7a00000|100%| S|CS|TAMS 0x00000000e7900000, 0x00000000e7900000| Complete 
| 122|0x00000000e7a00000, 0x00000000e7a00000, 0x00000000e7b00000|  0%| F|  |TAMS 0x00000000e7a00000, 0x00000000e7a00000| Untracked 
| 123|0x00000000e7b00000, 0x00000000e7b00000, 0x00000000e7c00000|  0%| F|  |TAMS 0x00000000e7b00000, 0x00000000e7b00000| Untracked 
| 124|0x00000000e7c00000, 0x00000000e7c00000, 0x00000000e7d00000|  0%| F|  |TAMS 0x00000000e7c00000, 0x00000000e7c00000| Untracked 
| 125|0x00000000e7d00000, 0x00000000e7d00000, 0x00000000e7e00000|  0%| F|  |TAMS 0x00000000e7d00000, 0x00000000e7d00000| Untracked 
| 126|0x00000000e7e00000, 0x00000000e7e00000, 0x00000000e7f00000|  0%| F|  |TAMS 0x00000000e7e00000, 0x00000000e7e00000| Untracked 
| 127|0x00000000e7f00000, 0x00000000e7f00000, 0x00000000e8000000|  0%| F|  |TAMS 0x00000000e7f00000, 0x00000000e7f00000| Untracked 
| 128|0x00000000e8000000, 0x00000000e8000000, 0x00000000e8100000|  0%| F|  |TAMS 0x00000000e8000000, 0x00000000e8000000| Untracked 
| 129|0x00000000e8100000, 0x00000000e8100000, 0x00000000e8200000|  0%| F|  |TAMS 0x00000000e8100000, 0x00000000e8100000| Untracked 
| 130|0x00000000e8200000, 0x00000000e8200000, 0x00000000e8300000|  0%| F|  |TAMS 0x00000000e8200000, 0x00000000e8200000| Untracked 
| 131|0x00000000e8300000, 0x00000000e8300000, 0x00000000e8400000|  0%| F|  |TAMS 0x00000000e8300000, 0x00000000e8300000| Untracked 
| 132|0x00000000e8400000, 0x00000000e846cac8, 0x00000000e8500000| 42%| E|  |TAMS 0x00000000e8400000, 0x00000000e8400000| Complete 
| 133|0x00000000e8500000, 0x00000000e8600000, 0x00000000e8600000|100%| E|CS|TAMS 0x00000000e8500000, 0x00000000e8500000| Complete 
| 134|0x00000000e8600000, 0x00000000e8700000, 0x00000000e8700000|100%| E|CS|TAMS 0x00000000e8600000, 0x00000000e8600000| Complete 
| 135|0x00000000e8700000, 0x00000000e8800000, 0x00000000e8800000|100%| E|CS|TAMS 0x00000000e8700000, 0x00000000e8700000| Complete 
| 136|0x00000000e8800000, 0x00000000e8900000, 0x00000000e8900000|100%| E|CS|TAMS 0x00000000e8800000, 0x00000000e8800000| Complete 
| 137|0x00000000e8900000, 0x00000000e8a00000, 0x00000000e8a00000|100%| E|CS|TAMS 0x00000000e8900000, 0x00000000e8900000| Complete 
| 138|0x00000000e8a00000, 0x00000000e8b00000, 0x00000000e8b00000|100%| E|CS|TAMS 0x00000000e8a00000, 0x00000000e8a00000| Complete 
| 139|0x00000000e8b00000, 0x00000000e8c00000, 0x00000000e8c00000|100%| E|CS|TAMS 0x00000000e8b00000, 0x00000000e8b00000| Complete 
| 140|0x00000000e8c00000, 0x00000000e8d00000, 0x00000000e8d00000|100%| E|CS|TAMS 0x00000000e8c00000, 0x00000000e8c00000| Complete 
| 141|0x00000000e8d00000, 0x00000000e8e00000, 0x00000000e8e00000|100%| E|CS|TAMS 0x00000000e8d00000, 0x00000000e8d00000| Complete 
| 142|0x00000000e8e00000, 0x00000000e8f00000, 0x00000000e8f00000|100%| E|CS|TAMS 0x00000000e8e00000, 0x00000000e8e00000| Complete 
| 143|0x00000000e8f00000, 0x00000000e9000000, 0x00000000e9000000|100%| E|CS|TAMS 0x00000000e8f00000, 0x00000000e8f00000| Complete 
| 144|0x00000000e9000000, 0x00000000e9100000, 0x00000000e9100000|100%| E|CS|TAMS 0x00000000e9000000, 0x00000000e9000000| Complete 
| 145|0x00000000e9100000, 0x00000000e9200000, 0x00000000e9200000|100%| E|CS|TAMS 0x00000000e9100000, 0x00000000e9100000| Complete 
| 146|0x00000000e9200000, 0x00000000e9300000, 0x00000000e9300000|100%| E|CS|TAMS 0x00000000e9200000, 0x00000000e9200000| Complete 
| 147|0x00000000e9300000, 0x00000000e9400000, 0x00000000e9400000|100%| E|CS|TAMS 0x00000000e9300000, 0x00000000e9300000| Complete 
| 148|0x00000000e9400000, 0x00000000e9500000, 0x00000000e9500000|100%| E|CS|TAMS 0x00000000e9400000, 0x00000000e9400000| Complete 
| 149|0x00000000e9500000, 0x00000000e9600000, 0x00000000e9600000|100%| E|CS|TAMS 0x00000000e9500000, 0x00000000e9500000| Complete 
| 150|0x00000000e9600000, 0x00000000e9700000, 0x00000000e9700000|100%| E|CS|TAMS 0x00000000e9600000, 0x00000000e9600000| Complete 
| 151|0x00000000e9700000, 0x00000000e9800000, 0x00000000e9800000|100%| E|CS|TAMS 0x00000000e9700000, 0x00000000e9700000| Complete 
| 152|0x00000000e9800000, 0x00000000e9900000, 0x00000000e9900000|100%| E|CS|TAMS 0x00000000e9800000, 0x00000000e9800000| Complete 
| 153|0x00000000e9900000, 0x00000000e9a00000, 0x00000000e9a00000|100%| E|CS|TAMS 0x00000000e9900000, 0x00000000e9900000| Complete 
| 154|0x00000000e9a00000, 0x00000000e9b00000, 0x00000000e9b00000|100%| E|  |TAMS 0x00000000e9a00000, 0x00000000e9a00000| Complete 
| 155|0x00000000e9b00000, 0x00000000e9c00000, 0x00000000e9c00000|100%| E|CS|TAMS 0x00000000e9b00000, 0x00000000e9b00000| Complete 
| 156|0x00000000e9c00000, 0x00000000e9d00000, 0x00000000e9d00000|100%| E|CS|TAMS 0x00000000e9c00000, 0x00000000e9c00000| Complete 
| 157|0x00000000e9d00000, 0x00000000e9e00000, 0x00000000e9e00000|100%| E|CS|TAMS 0x00000000e9d00000, 0x00000000e9d00000| Complete 
| 158|0x00000000e9e00000, 0x00000000e9f00000, 0x00000000e9f00000|100%| E|CS|TAMS 0x00000000e9e00000, 0x00000000e9e00000| Complete 
| 159|0x00000000e9f00000, 0x00000000ea000000, 0x00000000ea000000|100%| E|CS|TAMS 0x00000000e9f00000, 0x00000000e9f00000| Complete 
| 160|0x00000000ea000000, 0x00000000ea100000, 0x00000000ea100000|100%| E|CS|TAMS 0x00000000ea000000, 0x00000000ea000000| Complete 
| 161|0x00000000ea100000, 0x00000000ea200000, 0x00000000ea200000|100%| E|CS|TAMS 0x00000000ea100000, 0x00000000ea100000| Complete 
| 162|0x00000000ea200000, 0x00000000ea300000, 0x00000000ea300000|100%| E|CS|TAMS 0x00000000ea200000, 0x00000000ea200000| Complete 
| 163|0x00000000ea300000, 0x00000000ea400000, 0x00000000ea400000|100%| E|CS|TAMS 0x00000000ea300000, 0x00000000ea300000| Complete 
| 164|0x00000000ea400000, 0x00000000ea500000, 0x00000000ea500000|100%| E|CS|TAMS 0x00000000ea400000, 0x00000000ea400000| Complete 
| 165|0x00000000ea500000, 0x00000000ea600000, 0x00000000ea600000|100%| E|CS|TAMS 0x00000000ea500000, 0x00000000ea500000| Complete 
| 166|0x00000000ea600000, 0x00000000ea700000, 0x00000000ea700000|100%| E|CS|TAMS 0x00000000ea600000, 0x00000000ea600000| Complete 
| 167|0x00000000ea700000, 0x00000000ea800000, 0x00000000ea800000|100%| E|CS|TAMS 0x00000000ea700000, 0x00000000ea700000| Complete 
| 168|0x00000000ea800000, 0x00000000ea900000, 0x00000000ea900000|100%| E|CS|TAMS 0x00000000ea800000, 0x00000000ea800000| Complete 
| 169|0x00000000ea900000, 0x00000000eaa00000, 0x00000000eaa00000|100%| E|CS|TAMS 0x00000000ea900000, 0x00000000ea900000| Complete 
| 170|0x00000000eaa00000, 0x00000000eab00000, 0x00000000eab00000|100%| E|CS|TAMS 0x00000000eaa00000, 0x00000000eaa00000| Complete 
| 171|0x00000000eab00000, 0x00000000eac00000, 0x00000000eac00000|100%| E|CS|TAMS 0x00000000eab00000, 0x00000000eab00000| Complete 
| 172|0x00000000eac00000, 0x00000000ead00000, 0x00000000ead00000|100%| E|CS|TAMS 0x00000000eac00000, 0x00000000eac00000| Complete 
| 173|0x00000000ead00000, 0x00000000eae00000, 0x00000000eae00000|100%| E|CS|TAMS 0x00000000ead00000, 0x00000000ead00000| Complete 
| 174|0x00000000eae00000, 0x00000000eaf00000, 0x00000000eaf00000|100%| E|CS|TAMS 0x00000000eae00000, 0x00000000eae00000| Complete 
| 175|0x00000000eaf00000, 0x00000000eb000000, 0x00000000eb000000|100%| E|CS|TAMS 0x00000000eaf00000, 0x00000000eaf00000| Complete 
| 176|0x00000000eb000000, 0x00000000eb100000, 0x00000000eb100000|100%| E|CS|TAMS 0x00000000eb000000, 0x00000000eb000000| Complete 
| 177|0x00000000eb100000, 0x00000000eb200000, 0x00000000eb200000|100%| E|CS|TAMS 0x00000000eb100000, 0x00000000eb100000| Complete 
| 178|0x00000000eb200000, 0x00000000eb300000, 0x00000000eb300000|100%| E|CS|TAMS 0x00000000eb200000, 0x00000000eb200000| Complete 
| 179|0x00000000eb300000, 0x00000000eb400000, 0x00000000eb400000|100%| E|CS|TAMS 0x00000000eb300000, 0x00000000eb300000| Complete 
| 180|0x00000000eb400000, 0x00000000eb500000, 0x00000000eb500000|100%| E|CS|TAMS 0x00000000eb400000, 0x00000000eb400000| Complete 
| 181|0x00000000eb500000, 0x00000000eb600000, 0x00000000eb600000|100%| E|CS|TAMS 0x00000000eb500000, 0x00000000eb500000| Complete 
| 182|0x00000000eb600000, 0x00000000eb700000, 0x00000000eb700000|100%| E|CS|TAMS 0x00000000eb600000, 0x00000000eb600000| Complete 
| 183|0x00000000eb700000, 0x00000000eb800000, 0x00000000eb800000|100%| E|CS|TAMS 0x00000000eb700000, 0x00000000eb700000| Complete 
| 184|0x00000000eb800000, 0x00000000eb900000, 0x00000000eb900000|100%| E|CS|TAMS 0x00000000eb800000, 0x00000000eb800000| Complete 
| 185|0x00000000eb900000, 0x00000000eba00000, 0x00000000eba00000|100%| E|CS|TAMS 0x00000000eb900000, 0x00000000eb900000| Complete 
| 186|0x00000000eba00000, 0x00000000ebb00000, 0x00000000ebb00000|100%| E|CS|TAMS 0x00000000eba00000, 0x00000000eba00000| Complete 
| 187|0x00000000ebb00000, 0x00000000ebc00000, 0x00000000ebc00000|100%| E|CS|TAMS 0x00000000ebb00000, 0x00000000ebb00000| Complete 
| 188|0x00000000ebc00000, 0x00000000ebd00000, 0x00000000ebd00000|100%| E|CS|TAMS 0x00000000ebc00000, 0x00000000ebc00000| Complete 
| 189|0x00000000ebd00000, 0x00000000ebe00000, 0x00000000ebe00000|100%| E|CS|TAMS 0x00000000ebd00000, 0x00000000ebd00000| Complete 
| 190|0x00000000ebe00000, 0x00000000ebf00000, 0x00000000ebf00000|100%| E|CS|TAMS 0x00000000ebe00000, 0x00000000ebe00000| Complete 
| 191|0x00000000ebf00000, 0x00000000ec000000, 0x00000000ec000000|100%| E|CS|TAMS 0x00000000ebf00000, 0x00000000ebf00000| Complete 
| 192|0x00000000ec000000, 0x00000000ec100000, 0x00000000ec100000|100%| E|CS|TAMS 0x00000000ec000000, 0x00000000ec000000| Complete 
| 193|0x00000000ec100000, 0x00000000ec200000, 0x00000000ec200000|100%| E|CS|TAMS 0x00000000ec100000, 0x00000000ec100000| Complete 
| 194|0x00000000ec200000, 0x00000000ec300000, 0x00000000ec300000|100%| E|CS|TAMS 0x00000000ec200000, 0x00000000ec200000| Complete 
| 195|0x00000000ec300000, 0x00000000ec400000, 0x00000000ec400000|100%| E|CS|TAMS 0x00000000ec300000, 0x00000000ec300000| Complete 
| 196|0x00000000ec400000, 0x00000000ec500000, 0x00000000ec500000|100%| E|CS|TAMS 0x00000000ec400000, 0x00000000ec400000| Complete 
| 197|0x00000000ec500000, 0x00000000ec600000, 0x00000000ec600000|100%| E|CS|TAMS 0x00000000ec500000, 0x00000000ec500000| Complete 
| 198|0x00000000ec600000, 0x00000000ec700000, 0x00000000ec700000|100%| E|CS|TAMS 0x00000000ec600000, 0x00000000ec600000| Complete 
| 199|0x00000000ec700000, 0x00000000ec800000, 0x00000000ec800000|100%| E|CS|TAMS 0x00000000ec700000, 0x00000000ec700000| Complete 
| 200|0x00000000ec800000, 0x00000000ec900000, 0x00000000ec900000|100%| E|CS|TAMS 0x00000000ec800000, 0x00000000ec800000| Complete 
| 201|0x00000000ec900000, 0x00000000eca00000, 0x00000000eca00000|100%| E|CS|TAMS 0x00000000ec900000, 0x00000000ec900000| Complete 
| 202|0x00000000eca00000, 0x00000000ecb00000, 0x00000000ecb00000|100%| E|CS|TAMS 0x00000000eca00000, 0x00000000eca00000| Complete 
| 203|0x00000000ecb00000, 0x00000000ecc00000, 0x00000000ecc00000|100%| E|CS|TAMS 0x00000000ecb00000, 0x00000000ecb00000| Complete 
| 204|0x00000000ecc00000, 0x00000000ecd00000, 0x00000000ecd00000|100%| E|CS|TAMS 0x00000000ecc00000, 0x00000000ecc00000| Complete 
| 205|0x00000000ecd00000, 0x00000000ece00000, 0x00000000ece00000|100%| E|CS|TAMS 0x00000000ecd00000, 0x00000000ecd00000| Complete 
| 206|0x00000000ece00000, 0x00000000ecf00000, 0x00000000ecf00000|100%| E|CS|TAMS 0x00000000ece00000, 0x00000000ece00000| Complete 
| 207|0x00000000ecf00000, 0x00000000ed000000, 0x00000000ed000000|100%| E|CS|TAMS 0x00000000ecf00000, 0x00000000ecf00000| Complete 
| 208|0x00000000ed000000, 0x00000000ed100000, 0x00000000ed100000|100%| E|CS|TAMS 0x00000000ed000000, 0x00000000ed000000| Complete 
| 209|0x00000000ed100000, 0x00000000ed200000, 0x00000000ed200000|100%| E|CS|TAMS 0x00000000ed100000, 0x00000000ed100000| Complete 
| 210|0x00000000ed200000, 0x00000000ed300000, 0x00000000ed300000|100%| E|CS|TAMS 0x00000000ed200000, 0x00000000ed200000| Complete 
| 211|0x00000000ed300000, 0x00000000ed400000, 0x00000000ed400000|100%| E|CS|TAMS 0x00000000ed300000, 0x00000000ed300000| Complete 
| 212|0x00000000ed400000, 0x00000000ed500000, 0x00000000ed500000|100%| E|CS|TAMS 0x00000000ed400000, 0x00000000ed400000| Complete 
| 213|0x00000000ed500000, 0x00000000ed600000, 0x00000000ed600000|100%| E|CS|TAMS 0x00000000ed500000, 0x00000000ed500000| Complete 
| 214|0x00000000ed600000, 0x00000000ed700000, 0x00000000ed700000|100%| E|CS|TAMS 0x00000000ed600000, 0x00000000ed600000| Complete 
| 215|0x00000000ed700000, 0x00000000ed800000, 0x00000000ed800000|100%| E|CS|TAMS 0x00000000ed700000, 0x00000000ed700000| Complete 
| 216|0x00000000ed800000, 0x00000000ed900000, 0x00000000ed900000|100%| E|CS|TAMS 0x00000000ed800000, 0x00000000ed800000| Complete 
| 217|0x00000000ed900000, 0x00000000eda00000, 0x00000000eda00000|100%| E|CS|TAMS 0x00000000ed900000, 0x00000000ed900000| Complete 
| 218|0x00000000eda00000, 0x00000000edb00000, 0x00000000edb00000|100%| E|CS|TAMS 0x00000000eda00000, 0x00000000eda00000| Complete 
| 219|0x00000000edb00000, 0x00000000edc00000, 0x00000000edc00000|100%| E|CS|TAMS 0x00000000edb00000, 0x00000000edb00000| Complete 
| 220|0x00000000edc00000, 0x00000000edd00000, 0x00000000edd00000|100%| E|CS|TAMS 0x00000000edc00000, 0x00000000edc00000| Complete 
| 221|0x00000000edd00000, 0x00000000ede00000, 0x00000000ede00000|100%| E|CS|TAMS 0x00000000edd00000, 0x00000000edd00000| Complete 
| 222|0x00000000ede00000, 0x00000000edf00000, 0x00000000edf00000|100%| E|CS|TAMS 0x00000000ede00000, 0x00000000ede00000| Complete 
| 223|0x00000000edf00000, 0x00000000ee000000, 0x00000000ee000000|100%| E|CS|TAMS 0x00000000edf00000, 0x00000000edf00000| Complete 
| 224|0x00000000ee000000, 0x00000000ee100000, 0x00000000ee100000|100%| E|CS|TAMS 0x00000000ee000000, 0x00000000ee000000| Complete 
| 225|0x00000000ee100000, 0x00000000ee200000, 0x00000000ee200000|100%| E|CS|TAMS 0x00000000ee100000, 0x00000000ee100000| Complete 
| 226|0x00000000ee200000, 0x00000000ee300000, 0x00000000ee300000|100%| E|CS|TAMS 0x00000000ee200000, 0x00000000ee200000| Complete 
| 227|0x00000000ee300000, 0x00000000ee400000, 0x00000000ee400000|100%| E|CS|TAMS 0x00000000ee300000, 0x00000000ee300000| Complete 
| 228|0x00000000ee400000, 0x00000000ee500000, 0x00000000ee500000|100%| E|CS|TAMS 0x00000000ee400000, 0x00000000ee400000| Complete 
| 229|0x00000000ee500000, 0x00000000ee600000, 0x00000000ee600000|100%| E|CS|TAMS 0x00000000ee500000, 0x00000000ee500000| Complete 
| 230|0x00000000ee600000, 0x00000000ee700000, 0x00000000ee700000|100%| E|CS|TAMS 0x00000000ee600000, 0x00000000ee600000| Complete 
| 231|0x00000000ee700000, 0x00000000ee800000, 0x00000000ee800000|100%| E|CS|TAMS 0x00000000ee700000, 0x00000000ee700000| Complete 
| 232|0x00000000ee800000, 0x00000000ee900000, 0x00000000ee900000|100%| E|CS|TAMS 0x00000000ee800000, 0x00000000ee800000| Complete 
| 233|0x00000000ee900000, 0x00000000eea00000, 0x00000000eea00000|100%| E|CS|TAMS 0x00000000ee900000, 0x00000000ee900000| Complete 
| 234|0x00000000eea00000, 0x00000000eeb00000, 0x00000000eeb00000|100%| E|CS|TAMS 0x00000000eea00000, 0x00000000eea00000| Complete 
| 235|0x00000000eeb00000, 0x00000000eec00000, 0x00000000eec00000|100%| E|CS|TAMS 0x00000000eeb00000, 0x00000000eeb00000| Complete 
| 236|0x00000000eec00000, 0x00000000eed00000, 0x00000000eed00000|100%| E|CS|TAMS 0x00000000eec00000, 0x00000000eec00000| Complete 
| 237|0x00000000eed00000, 0x00000000eee00000, 0x00000000eee00000|100%| E|CS|TAMS 0x00000000eed00000, 0x00000000eed00000| Complete 
| 238|0x00000000eee00000, 0x00000000eef00000, 0x00000000eef00000|100%| E|CS|TAMS 0x00000000eee00000, 0x00000000eee00000| Complete 
| 239|0x00000000eef00000, 0x00000000ef000000, 0x00000000ef000000|100%| E|CS|TAMS 0x00000000eef00000, 0x00000000eef00000| Complete 
| 240|0x00000000ef000000, 0x00000000ef100000, 0x00000000ef100000|100%| E|CS|TAMS 0x00000000ef000000, 0x00000000ef000000| Complete 
| 241|0x00000000ef100000, 0x00000000ef200000, 0x00000000ef200000|100%| E|CS|TAMS 0x00000000ef100000, 0x00000000ef100000| Complete 
| 242|0x00000000ef200000, 0x00000000ef300000, 0x00000000ef300000|100%| E|CS|TAMS 0x00000000ef200000, 0x00000000ef200000| Complete 
| 243|0x00000000ef300000, 0x00000000ef400000, 0x00000000ef400000|100%| E|CS|TAMS 0x00000000ef300000, 0x00000000ef300000| Complete 
| 244|0x00000000ef400000, 0x00000000ef500000, 0x00000000ef500000|100%| E|CS|TAMS 0x00000000ef400000, 0x00000000ef400000| Complete 
| 245|0x00000000ef500000, 0x00000000ef600000, 0x00000000ef600000|100%| E|CS|TAMS 0x00000000ef500000, 0x00000000ef500000| Complete 
| 246|0x00000000ef600000, 0x00000000ef700000, 0x00000000ef700000|100%| E|CS|TAMS 0x00000000ef600000, 0x00000000ef600000| Complete 
| 247|0x00000000ef700000, 0x00000000ef800000, 0x00000000ef800000|100%| E|CS|TAMS 0x00000000ef700000, 0x00000000ef700000| Complete 
| 248|0x00000000ef800000, 0x00000000ef900000, 0x00000000ef900000|100%| E|CS|TAMS 0x00000000ef800000, 0x00000000ef800000| Complete 
| 249|0x00000000ef900000, 0x00000000efa00000, 0x00000000efa00000|100%| E|CS|TAMS 0x00000000ef900000, 0x00000000ef900000| Complete 
| 250|0x00000000efa00000, 0x00000000efb00000, 0x00000000efb00000|100%| E|CS|TAMS 0x00000000efa00000, 0x00000000efa00000| Complete 
| 251|0x00000000efb00000, 0x00000000efc00000, 0x00000000efc00000|100%| E|CS|TAMS 0x00000000efb00000, 0x00000000efb00000| Complete 
| 252|0x00000000efc00000, 0x00000000efd00000, 0x00000000efd00000|100%| E|CS|TAMS 0x00000000efc00000, 0x00000000efc00000| Complete 
| 253|0x00000000efd00000, 0x00000000efe00000, 0x00000000efe00000|100%| E|CS|TAMS 0x00000000efd00000, 0x00000000efd00000| Complete 
| 254|0x00000000efe00000, 0x00000000eff00000, 0x00000000eff00000|100%| E|CS|TAMS 0x00000000efe00000, 0x00000000efe00000| Complete 
| 255|0x00000000eff00000, 0x00000000f0000000, 0x00000000f0000000|100%| E|CS|TAMS 0x00000000eff00000, 0x00000000eff00000| Complete 

Card table byte_map: [0x0000026bf8f00000,0x0000026bf9000000] _byte_map_base: 0x0000026bf8800000

Marking Bits (Prev, Next): (CMBitMap*) 0x0000026bdf7df708, (CMBitMap*) 0x0000026bdf7df748
 Prev Bits: [0x0000026bf9100000, 0x0000026bf9900000)
 Next Bits: [0x0000026bf9900000, 0x0000026bfa100000)

Polling page: 0x0000026be1030000

Metaspace:

Usage:
  Non-class:     39.10 MB capacity,    38.28 MB ( 98%) used,   733.82 KB (  2%) free+waste,   102.31 KB ( <1%) overhead. 
      Class:      6.23 MB capacity,     5.82 MB ( 93%) used,   372.70 KB (  6%) free+waste,    46.75 KB ( <1%) overhead. 
       Both:     45.33 MB capacity,    44.10 MB ( 97%) used,     1.08 MB (  2%) free+waste,   149.06 KB ( <1%) overhead. 

Virtual space:
  Non-class space:       40.00 MB reserved,      39.17 MB ( 98%) committed 
      Class space:      248.00 MB reserved,       6.25 MB (  3%) committed 
             Both:      288.00 MB reserved,      45.42 MB ( 16%) committed 

Chunk freelists:
   Non-Class:  1.75 KB
       Class:  0 bytes
        Both:  1.75 KB

CodeHeap 'non-profiled nmethods': size=120000Kb used=5101Kb max_used=5101Kb free=114899Kb
 bounds [0x0000026bf0e40000, 0x0000026bf1340000, 0x0000026bf8370000]
CodeHeap 'profiled nmethods': size=120000Kb used=17863Kb max_used=17863Kb free=102136Kb
 bounds [0x0000026be9910000, 0x0000026beaaa0000, 0x0000026bf0e40000]
CodeHeap 'non-nmethods': size=5760Kb used=2247Kb max_used=2339Kb free=3512Kb
 bounds [0x0000026be9370000, 0x0000026be95e0000, 0x0000026be9910000]
 total_blobs=12340 nmethods=8161 adapters=717
 compilation: enabled
              stopped_count=0, restarted_count=0
 full_count=0

Compilation events (10 events):
Event: 1451.217 Thread 0x0000026bfcb93000 nmethod 9270 0x0000026beaa93210 code [0x0000026beaa93460, 0x0000026beaa940f0]
Event: 1478.285 Thread 0x0000026bfcb93000 9271       1       org.gradle.api.internal.tasks.compile.tooling.JavaCompileTaskSuccessResultPostProcessor::progress (1 bytes)
Event: 1478.285 Thread 0x0000026bfcb93000 nmethod 9271 0x0000026bf1338d10 code [0x0000026bf1338ec0, 0x0000026bf1338ff8]
Event: 1485.787 Thread 0x0000026bfcb8b000 9272       4       java.util.stream.AbstractPipeline::<init> (91 bytes)
Event: 1485.791 Thread 0x0000026bfcb8b000 nmethod 9272 0x0000026bf1339090 code [0x0000026bf1339240, 0x0000026bf1339638]
Event: 1547.787 Thread 0x0000026bfcb8b000 9273       4       java.util.stream.AbstractPipeline::wrapAndCopyInto (18 bytes)
Event: 1547.801 Thread 0x0000026bfcb8b000 nmethod 9273 0x0000026bf1339790 code [0x0000026bf13399c0, 0x0000026bf133a338]
Event: 1547.801 Thread 0x0000026bfcb8b000 9274       4       java.util.stream.AbstractPipeline::copyInto (54 bytes)
Event: 1547.812 Thread 0x0000026bfcb8b000 nmethod 9274 0x0000026bf133ac10 code [0x0000026bf133ae40, 0x0000026bf133b638]
Event: 1549.044 Thread 0x0000026bfcb8b000 9275       4       org.gradle.internal.dispatch.ReflectionDispatch::dispatch (9 bytes)

GC Heap History (10 events):
Event: 4.850 GC heap before
{Heap before GC invocations=7 (full 0):
 garbage-first heap   total 262144K, used 148883K [0x00000000e0000000, 0x0000000100000000)
  region size 1024K, 128 young (131072K), 8 survivors (8192K)
 Metaspace       used 41203K, capacity 42321K, committed 42416K, reserved 290816K
  class space    used 5715K, capacity 6110K, committed 6144K, reserved 253952K
}
Event: 4.864 GC heap after
{Heap after GC invocations=8 (full 0):
 garbage-first heap   total 262144K, used 36085K [0x00000000e0000000, 0x0000000100000000)
  region size 1024K, 16 young (16384K), 16 survivors (16384K)
 Metaspace       used 41203K, capacity 42321K, committed 42416K, reserved 290816K
  class space    used 5715K, capacity 6110K, committed 6144K, reserved 253952K
}
Event: 5.863 GC heap before
{Heap before GC invocations=8 (full 0):
 garbage-first heap   total 262144K, used 163061K [0x00000000e0000000, 0x0000000100000000)
  region size 1024K, 140 young (143360K), 16 survivors (16384K)
 Metaspace       used 41689K, capacity 42806K, committed 42928K, reserved 290816K
  class space    used 5723K, capacity 6119K, committed 6144K, reserved 253952K
}
Event: 5.876 GC heap after
{Heap after GC invocations=9 (full 0):
 garbage-first heap   total 262144K, used 41361K [0x00000000e0000000, 0x0000000100000000)
  region size 1024K, 6 young (6144K), 6 survivors (6144K)
 Metaspace       used 41689K, capacity 42806K, committed 42928K, reserved 290816K
  class space    used 5723K, capacity 6119K, committed 6144K, reserved 253952K
}
Event: 22.682 GC heap before
{Heap before GC invocations=9 (full 0):
 garbage-first heap   total 262144K, used 170385K [0x00000000e0000000, 0x0000000100000000)
  region size 1024K, 132 young (135168K), 6 survivors (6144K)
 Metaspace       used 43706K, capacity 44902K, committed 45232K, reserved 292864K
  class space    used 5915K, capacity 6307K, committed 6400K, reserved 253952K
}
Event: 22.691 GC heap after
{Heap after GC invocations=10 (full 0):
 garbage-first heap   total 262144K, used 50893K [0x00000000e0000000, 0x0000000100000000)
  region size 1024K, 15 young (15360K), 15 survivors (15360K)
 Metaspace       used 43706K, capacity 44902K, committed 45232K, reserved 292864K
  class space    used 5915K, capacity 6307K, committed 6400K, reserved 253952K
}
Event: 23.677 GC heap before
{Heap before GC invocations=10 (full 0):
 garbage-first heap   total 262144K, used 180941K [0x00000000e0000000, 0x0000000100000000)
  region size 1024K, 142 young (145408K), 15 survivors (15360K)
 Metaspace       used 44085K, capacity 45302K, committed 45488K, reserved 294912K
  class space    used 5916K, capacity 6309K, committed 6400K, reserved 253952K
}
Event: 23.691 GC heap after
{Heap after GC invocations=11 (full 0):
 garbage-first heap   total 262144K, used 55480K [0x00000000e0000000, 0x0000000100000000)
  region size 1024K, 6 young (6144K), 6 survivors (6144K)
 Metaspace       used 44085K, capacity 45302K, committed 45488K, reserved 294912K
  class space    used 5916K, capacity 6309K, committed 6400K, reserved 253952K
}
Event: 304.606 GC heap before
{Heap before GC invocations=11 (full 0):
 garbage-first heap   total 262144K, used 188600K [0x00000000e0000000, 0x0000000100000000)
  region size 1024K, 137 young (140288K), 6 survivors (6144K)
 Metaspace       used 44830K, capacity 46218K, committed 46256K, reserved 294912K
  class space    used 5960K, capacity 6381K, committed 6400K, reserved 253952K
}
Event: 304.620 GC heap after
{Heap after GC invocations=12 (full 0):
 garbage-first heap   total 262144K, used 63255K [0x00000000e0000000, 0x0000000100000000)
  region size 1024K, 14 young (14336K), 14 survivors (14336K)
 Metaspace       used 44830K, capacity 46218K, committed 46256K, reserved 294912K
  class space    used 5960K, capacity 6381K, committed 6400K, reserved 253952K
}

Deoptimization events (10 events):
Event: 302.473 Thread 0x0000026b806b6800 Uncommon trap: reason=bimorphic_or_optimized_type_check action=maybe_recompile pc=0x0000026bf0f087c8 method=com.google.common.collect.SingletonImmutableSet.contains(Ljava/lang/Object;)Z @ 5 c2
Event: 302.542 Thread 0x0000026b821cd800 Uncommon trap: reason=unloaded action=reinterpret pc=0x0000026bf0fb562c method=com.esotericsoftware.kryo.io.Input.require(I)I @ 191 c2
Event: 303.579 Thread 0x0000026b806b6800 Uncommon trap: reason=class_check action=make_not_entrant pc=0x0000026bf1024d7c method=java.util.ArrayList.toArray([Ljava/lang/Object;)[Ljava/lang/Object; @ 21 c2
Event: 303.677 Thread 0x0000026b806b6800 Uncommon trap: reason=speculate_class_check action=maybe_recompile pc=0x0000026bf0ff2a44 method=com.google.common.collect.ImmutableList.listIterator(I)Lcom/google/common/collect/UnmodifiableListIterator; @ 2 c2
Event: 306.809 Thread 0x0000026b821d3800 Uncommon trap: reason=null_check action=make_not_entrant pc=0x0000026bf11fc06c method=org.gradle.internal.io.LinePerThreadBufferingOutputStream.getStream()Ljava/io/PrintStream; @ 7 c2
Event: 597.788 Thread 0x0000026bfeffe800 Uncommon trap: reason=class_check action=maybe_recompile pc=0x0000026bf1321568 method=jdk.internal.misc.Unsafe.allocateUninitializedArray(Ljava/lang/Class;I)Ljava/lang/Object; @ 48 c2
Event: 597.788 Thread 0x0000026bfeffe800 Uncommon trap: reason=class_check action=maybe_recompile pc=0x0000026bf1321568 method=jdk.internal.misc.Unsafe.allocateUninitializedArray(Ljava/lang/Class;I)Ljava/lang/Object; @ 48 c2
Event: 597.788 Thread 0x0000026bfeffe800 Uncommon trap: reason=class_check action=maybe_recompile pc=0x0000026bf1321568 method=jdk.internal.misc.Unsafe.allocateUninitializedArray(Ljava/lang/Class;I)Ljava/lang/Object; @ 48 c2
Event: 597.788 Thread 0x0000026bfeffe800 Uncommon trap: reason=class_check action=maybe_recompile pc=0x0000026bf1321568 method=jdk.internal.misc.Unsafe.allocateUninitializedArray(Ljava/lang/Class;I)Ljava/lang/Object; @ 48 c2
Event: 1382.011 Thread 0x0000026b8174e000 Uncommon trap: reason=speculate_null_assert action=make_not_entrant pc=0x0000026bf132eebc method=org.gradle.launcher.daemon.server.exec.LogToClient$AsynchronousLogDispatcher.run()V @ 21 c2

Classes redefined (0 events):
No events

Internal exceptions (10 events):
Event: 302.441 Thread 0x0000026b81757800 Exception <a 'java/lang/reflect/InvocationTargetException'{0x00000000ef345e90}> (0x00000000ef345e90) thrown at [t:/workspace/open/src/hotspot/share/runtime/reflection.cpp, line 1183]
Event: 302.443 Thread 0x0000026b821d1800 Exception <a 'java/lang/NoSuchMethodError'{0x00000000eecad178}: <clinit>> (0x00000000eecad178) thrown at [t:/workspace/open/src/hotspot/share/prims/jni.cpp, line 1362]
Event: 302.444 Thread 0x0000026b821d1800 Exception <a 'java/lang/NoSuchMethodError'{0x00000000eea0c568}: <clinit>> (0x00000000eea0c568) thrown at [t:/workspace/open/src/hotspot/share/prims/jni.cpp, line 1362]
Event: 302.446 Thread 0x0000026b821d1800 Exception <a 'java/lang/NoSuchMethodError'{0x00000000eea17a60}: <clinit>> (0x00000000eea17a60) thrown at [t:/workspace/open/src/hotspot/share/prims/jni.cpp, line 1362]
Event: 302.529 Thread 0x0000026bfee73000 Exception <a 'java/lang/NoSuchMethodError'{0x00000000ee73efe0}: <clinit>> (0x00000000ee73efe0) thrown at [t:/workspace/open/src/hotspot/share/prims/jni.cpp, line 1362]
Event: 302.529 Thread 0x0000026bfee73000 Exception <a 'java/lang/NoSuchMethodError'{0x00000000ee750878}: <clinit>> (0x00000000ee750878) thrown at [t:/workspace/open/src/hotspot/share/prims/jni.cpp, line 1362]
Event: 302.529 Thread 0x0000026bfee73000 Exception <a 'java/lang/NoSuchMethodError'{0x00000000ee751f80}: <clinit>> (0x00000000ee751f80) thrown at [t:/workspace/open/src/hotspot/share/prims/jni.cpp, line 1362]
Event: 302.530 Thread 0x0000026bfee73000 Exception <a 'java/lang/NoSuchMethodError'{0x00000000ee764c88}: <clinit>> (0x00000000ee764c88) thrown at [t:/workspace/open/src/hotspot/share/prims/jni.cpp, line 1362]
Event: 302.530 Thread 0x0000026bfee73000 Exception <a 'java/lang/NoSuchMethodError'{0x00000000ee7717c0}: <clinit>> (0x00000000ee7717c0) thrown at [t:/workspace/open/src/hotspot/share/prims/jni.cpp, line 1362]
Event: 306.809 Thread 0x0000026b821d3800 Implicit null exception at 0x0000026bf11fb9f0 to 0x0000026bf11fc05e

Events (10 events):
Event: 1168.751 Thread 0x0000026b81750800 DEOPT UNPACKING pc=0x0000026be93999ce sp=0x0000007f6d2fe490 mode 0
Event: 1170.570 Thread 0x0000026b8174e000 DEOPT PACKING pc=0x0000026beaa348a9 sp=0x0000007f6b6ff120
Event: 1170.570 Thread 0x0000026b8174e000 DEOPT UNPACKING pc=0x0000026be93999ce sp=0x0000007f6b6fe640 mode 0
Event: 1382.011 Thread 0x0000026b8174e000 Uncommon trap: trap_request=0xffffff5c fr.pc=0x0000026bf132eebc relative=0x000000000000033c
Event: 1382.011 Thread 0x0000026b8174e000 DEOPT PACKING pc=0x0000026bf132eebc sp=0x0000007f6b6ff170
Event: 1382.011 Thread 0x0000026b8174e000 DEOPT UNPACKING pc=0x0000026be9399baf sp=0x0000007f6b6ff148 mode 2
Event: 1384.045 loading class org/gradle/workers/internal/WorkerDaemonExpiration$SimpleMemoryExpirationSelector
Event: 1384.045 loading class org/gradle/workers/internal/WorkerDaemonExpiration$SimpleMemoryExpirationSelector done
Event: 1384.047 loading class org/gradle/workers/internal/WorkerDaemonClientsManager$1
Event: 1384.047 loading class org/gradle/workers/internal/WorkerDaemonClientsManager$1 done


Dynamic libraries:
0x00007ff6add60000 - 0x00007ff6add6d000 	C:\Program Files\Java\jdk-12.0.2\bin\java.exe
0x00007ffa15e80000 - 0x00007ffa16070000 	C:\WINDOWS\SYSTEM32\ntdll.dll
0x00007ffa15d80000 - 0x00007ffa15e32000 	C:\WINDOWS\System32\KERNEL32.DLL
0x00007ffa12fb0000 - 0x00007ffa13253000 	C:\WINDOWS\System32\KERNELBASE.dll
0x00007ffa105b0000 - 0x00007ffa1063f000 	C:\WINDOWS\SYSTEM32\apphelp.dll
0x00007ffa13c00000 - 0x00007ffa13cfa000 	C:\WINDOWS\System32\ucrtbase.dll
0x00007ffa000d0000 - 0x00007ffa000e7000 	C:\Program Files\Java\jdk-12.0.2\bin\jli.dll
0x00007ff9ea4a0000 - 0x00007ff9ea4b6000 	C:\Program Files\Java\jdk-12.0.2\bin\VCRUNTIME140.dll
0x00007ffa15250000 - 0x00007ffa153e4000 	C:\WINDOWS\System32\USER32.dll
0x00007ffa13280000 - 0x00007ffa132a1000 	C:\WINDOWS\System32\win32u.dll
0x00007ffa06800000 - 0x00007ffa06a85000 	C:\WINDOWS\WinSxS\amd64_microsoft.windows.common-controls_6595b64144ccf1df_6.0.18362.418_none_e6c6b287130d565d\COMCTL32.dll
0x00007ffa14fa0000 - 0x00007ffa14fc6000 	C:\WINDOWS\System32\GDI32.dll
0x00007ffa153f0000 - 0x00007ffa1548e000 	C:\WINDOWS\System32\msvcrt.dll
0x00007ffa13a60000 - 0x00007ffa13bf4000 	C:\WINDOWS\System32\gdi32full.dll
0x00007ffa13d00000 - 0x00007ffa13d9e000 	C:\WINDOWS\System32\msvcp_win.dll
0x00007ffa14200000 - 0x00007ffa14536000 	C:\WINDOWS\System32\combase.dll
0x00007ffa155a0000 - 0x00007ffa156c0000 	C:\WINDOWS\System32\RPCRT4.dll
0x00007ffa13e00000 - 0x00007ffa13e80000 	C:\WINDOWS\System32\bcryptPrimitives.dll
0x00007ffa15220000 - 0x00007ffa1524e000 	C:\WINDOWS\System32\IMM32.DLL
0x00007ff9de170000 - 0x00007ff9de21a000 	C:\Program Files\Java\jdk-12.0.2\bin\msvcp140.dll
0x00007ff9bffb0000 - 0x00007ff9c0b26000 	C:\Program Files\Java\jdk-12.0.2\bin\server\jvm.dll
0x00007ffa14130000 - 0x00007ffa141d3000 	C:\WINDOWS\System32\ADVAPI32.dll
0x00007ffa15180000 - 0x00007ffa15217000 	C:\WINDOWS\System32\sechost.dll
0x00007ffa15510000 - 0x00007ffa15518000 	C:\WINDOWS\System32\PSAPI.DLL
0x00007ffa00580000 - 0x00007ffa00589000 	C:\WINDOWS\SYSTEM32\WSOCK32.dll
0x00007ffa10580000 - 0x00007ffa105a4000 	C:\WINDOWS\SYSTEM32\WINMM.dll
0x00007ffa084d0000 - 0x00007ffa084da000 	C:\WINDOWS\SYSTEM32\VERSION.dll
0x00007ffa15520000 - 0x00007ffa1558f000 	C:\WINDOWS\System32\WS2_32.dll
0x00007ffa0f070000 - 0x00007ffa0f09d000 	C:\WINDOWS\SYSTEM32\winmmbase.dll
0x00007ffa12e10000 - 0x00007ffa12e5a000 	C:\WINDOWS\System32\cfgmgr32.dll
0x00007ffa12da0000 - 0x00007ffa12db1000 	C:\WINDOWS\System32\kernel.appcore.dll
0x00007ff9ea210000 - 0x00007ff9ea221000 	C:\Program Files\Java\jdk-12.0.2\bin\verify.dll
0x00007ffa11990000 - 0x00007ffa11b84000 	C:\WINDOWS\SYSTEM32\DBGHELP.DLL
0x00007ff9fff40000 - 0x00007ff9fff6a000 	C:\WINDOWS\SYSTEM32\dbgcore.DLL
0x00007ff9e9090000 - 0x00007ff9e90b6000 	C:\Program Files\Java\jdk-12.0.2\bin\java.dll
0x00007ff9e9d00000 - 0x00007ff9e9d17000 	C:\Program Files\Java\jdk-12.0.2\bin\zip.dll
0x00007ffa0db30000 - 0x00007ffa0db3a000 	C:\Program Files\Java\jdk-12.0.2\bin\jimage.dll
0x00007ffa146c0000 - 0x00007ffa14da5000 	C:\WINDOWS\System32\SHELL32.dll
0x00007ffa15cd0000 - 0x00007ffa15d79000 	C:\WINDOWS\System32\shcore.dll
0x00007ffa132e0000 - 0x00007ffa13a5f000 	C:\WINDOWS\System32\windows.storage.dll
0x00007ffa12d60000 - 0x00007ffa12d7f000 	C:\WINDOWS\System32\profapi.dll
0x00007ffa12dc0000 - 0x00007ffa12e0a000 	C:\WINDOWS\System32\powrprof.dll
0x00007ffa12d50000 - 0x00007ffa12d60000 	C:\WINDOWS\System32\UMPDC.dll
0x00007ffa13fa0000 - 0x00007ffa13ff2000 	C:\WINDOWS\System32\shlwapi.dll
0x00007ffa13260000 - 0x00007ffa13277000 	C:\WINDOWS\System32\cryptsp.dll
0x00007ff9e9b40000 - 0x00007ff9e9b59000 	C:\Program Files\Java\jdk-12.0.2\bin\net.dll
0x00007ffa07420000 - 0x00007ffa07510000 	C:\WINDOWS\SYSTEM32\WINHTTP.dll
0x00007ffa02840000 - 0x00007ffa02a16000 	C:\WINDOWS\SYSTEM32\urlmon.dll
0x00007ffa05c50000 - 0x00007ffa05ef6000 	C:\WINDOWS\SYSTEM32\iertutil.dll
0x00007ffa12790000 - 0x00007ffa1279c000 	C:\WINDOWS\SYSTEM32\CRYPTBASE.DLL
0x00007ffa125c0000 - 0x00007ffa12627000 	C:\WINDOWS\system32\mswsock.dll
0x00007ff9e9a90000 - 0x00007ff9e9aa3000 	C:\Program Files\Java\jdk-12.0.2\bin\nio.dll
0x00007ff9fe5c0000 - 0x00007ff9fe5e6000 	C:\Users\rahru\.gradle\native\30\windows-amd64\native-platform.dll
0x00007ff9ff210000 - 0x00007ff9ff219000 	C:\Program Files\Java\jdk-12.0.2\bin\management.dll
0x00007ff9ea610000 - 0x00007ff9ea61c000 	C:\Program Files\Java\jdk-12.0.2\bin\management_ext.dll
0x00007ffa12130000 - 0x00007ffa12163000 	C:\WINDOWS\system32\rsaenh.dll
0x00007ffa132b0000 - 0x00007ffa132d6000 	C:\WINDOWS\System32\bcrypt.dll
0x00007ffa12c70000 - 0x00007ffa12c95000 	C:\WINDOWS\SYSTEM32\USERENV.dll
0x00007ffa122d0000 - 0x00007ffa1230a000 	C:\WINDOWS\SYSTEM32\IPHLPAPI.DLL
0x00007ffa15590000 - 0x00007ffa15598000 	C:\WINDOWS\System32\NSI.dll
0x00007ffa06570000 - 0x00007ffa06586000 	C:\WINDOWS\SYSTEM32\dhcpcsvc6.DLL
0x00007ffa06ce0000 - 0x00007ffa06cfc000 	C:\WINDOWS\SYSTEM32\dhcpcsvc.DLL
0x00007ffa12310000 - 0x00007ffa123da000 	C:\WINDOWS\SYSTEM32\DNSAPI.dll

dbghelp: loaded successfully - version: 4.0.5 - missing functions: none
symbol engine: initialized successfully - sym options: 0x614 - pdb path: .;C:\Program Files\Java\jdk-12.0.2\bin;C:\WINDOWS\SYSTEM32;C:\WINDOWS\WinSxS\amd64_microsoft.windows.common-controls_6595b64144ccf1df_6.0.18362.418_none_e6c6b287130d565d;C:\Program Files\Java\jdk-12.0.2\bin\server;C:\Users\rahru\.gradle\native\30\windows-amd64

VM Arguments:
jvm_args: --add-opens=java.base/java.util=ALL-UNNAMED --add-opens=java.base/java.lang=ALL-UNNAMED --add-opens=java.base/java.lang.invoke=ALL-UNNAMED --add-opens=java.prefs/java.util.prefs=ALL-UNNAMED -XX:MaxMetaspaceSize=256m -XX:+HeapDumpOnOutOfMemoryError -Xms256m -Xmx512m -Dfile.encoding=windows-1252 -Duser.country=BR -Duser.language=pt -Duser.variant 
java_command: org.gradle.launcher.daemon.bootstrap.GradleDaemon 5.6.2
java_class_path (initial): C:\Users\rahru\.gradle\wrapper\dists\gradle-5.6.2-bin\3clyn6icets6f02ptgd5hlmou\gradle-5.6.2\lib\gradle-launcher-5.6.2.jar
Launcher Type: SUN_STANDARD

[Global flags]
     intx CICompilerCount                          = 4                                         {product} {ergonomic}
   size_t CompressedClassSpaceSize                 = 260046848                                 {product} {ergonomic}
     uint ConcGCThreads                            = 2                                         {product} {ergonomic}
     uint G1ConcRefinementThreads                  = 8                                         {product} {ergonomic}
   size_t G1HeapRegionSize                         = 1048576                                   {product} {ergonomic}
    uintx GCDrainStackTargetSize                   = 64                                        {product} {ergonomic}
     bool HeapDumpOnOutOfMemoryError               = true                                   {manageable} {command line}
   size_t InitialHeapSize                          = 268435456                                 {product} {command line}
   size_t MarkStackSize                            = 4194304                                   {product} {ergonomic}
   size_t MaxHeapSize                              = 536870912                                 {product} {command line}
   size_t MaxMetaspaceSize                         = 268435456                                 {product} {command line}
   size_t MaxNewSize                               = 321912832                                 {product} {ergonomic}
   size_t MinHeapDeltaBytes                        = 1048576                                   {product} {ergonomic}
    uintx NonNMethodCodeHeapSize                   = 5836300                                {pd product} {ergonomic}
    uintx NonProfiledCodeHeapSize                  = 122910970                              {pd product} {ergonomic}
    uintx ProfiledCodeHeapSize                     = 122910970                              {pd product} {ergonomic}
    uintx ReservedCodeCacheSize                    = 251658240                              {pd product} {ergonomic}
     bool SegmentedCodeCache                       = true                                      {product} {ergonomic}
     bool UseCompressedClassPointers               = true                                 {lp64_product} {ergonomic}
     bool UseCompressedOops                        = true                                 {lp64_product} {ergonomic}
     bool UseG1GC                                  = true                                      {product} {ergonomic}
     bool UseLargePagesIndividualAllocation        = false                                  {pd product} {ergonomic}

Logging:
Log output configuration:
 #0: stdout all=warning uptime,level,tags
 #1: stderr all=off uptime,level,tags

Environment Variables:
JAVA_HOME=C:\Program Files\Java\jdk1.8.0_221
CLASSPATH=.;
PATH=C:\ProgramData\Oracle\Java\javapath;C:\Program Files (x86)\Common Files\Oracle\Java\javapath;C:\Program Files (x86)\Intel\Intel(R) Management Engine Components\iCLS\;C:\Program Files\Intel\Intel(R) Management Engine Components\iCLS\;C:\WINDOWS\system32;C:\WINDOWS;C:\WINDOWS\System32\Wbem;C:\WINDOWS\System32\WindowsPowerShell\v1.0\;C:\Program Files (x86)\Intel\Intel(R) Management Engine Components\DAL;C:\Program Files\Intel\Intel(R) Management Engine Components\DAL;C:\Program Files (x86)\Intel\Intel(R) Management Engine Components\IPT;C:\Program Files\Intel\Intel(R) Management Engine Components\IPT;C:\Program Files\Git\cmd;C:\ProgramData\chocolatey\bin;C:\Program Files\nodejs\;C:\Program Files (x86)\Yarn\bin\;C:\Program Files\Java\jdk1.8.0_221\bin;C:\Users\rahru\AppData\Local\Microsoft\WindowsApps;C:\Users\rahru\AppData\Local\Programs\Microsoft VS Code\bin;C:\Program Files (x86)\Java\jdk1.8.0_181\bin;C:\Users\rahru\AppData\Roaming\npm;C:\Users\rahru\AppData\Local\Yarn\bin;C:\Android\C:\Android\platform-tools;C:\Android\C:\Android\tools;
USERNAME=rahru
OS=Windows_NT
PROCESSOR_IDENTIFIER=Intel64 Family 6 Model 142 Stepping 10, GenuineIntel



---------------  S Y S T E M  ---------------

OS: Windows 10 , 64 bit Build 18362 (10.0.18362.329)

CPU:total 8 (initial active 8) (4 cores per cpu, 2 threads per core) family 6 model 142 stepping 10, cmov, cx8, fxsr, mmx, sse, sse2, sse3, ssse3, sse4.1, sse4.2, popcnt, avx, avx2, aes, clmul, erms, 3dnowpref, lzcnt, ht, tsc, tscinvbit, bmi1, bmi2, adx, fma

Memory: 4k page, system-wide physical 8057M (769M free)
TotalPageFile size 8057M (AvailPageFile size 0M)
current process WorkingSet (physical memory assigned to process): 337M, peak: 390M
current process commit charge ("private bytes"): 444M, peak: 508M

vm_info: OpenJDK 64-Bit Server VM (12.0.2+10) for windows-amd64 JRE (12.0.2+10), built on Jul 16 2019 01:56:05 by "mach5one" with MS VC++ 15.5 (VS2017)

END.
